This is pdfTeX, Version 3.14159265-2.6-1.40.19 (TeX Live 2018) (preloaded format=pdflatex 2018.4.16)  25 MAR 2019 16:10
entering extended mode
 restricted \write18 enabled.
 file:line:error style messages enabled.
 %&-line parsing enabled.
**differentiable_blockchains.tex
(./differentiable_blockchains.tex
LaTeX2e <2018-04-01> patch level 2
Babel <3.18> and hyphenation patterns for 84 language(s) loaded.
(/usr/local/texlive/2018/texmf-dist/tex/latex/base/article.cls
Document Class: article 2014/09/29 v1.4h Standard LaTeX document class
(/usr/local/texlive/2018/texmf-dist/tex/latex/base/size10.clo
File: size10.clo 2014/09/29 v1.4h Standard LaTeX file (size option)
)
\c@part=\count80
\c@section=\count81
\c@subsection=\count82
\c@subsubsection=\count83
\c@paragraph=\count84
\c@subparagraph=\count85
\c@figure=\count86
\c@table=\count87
\abovecaptionskip=\skip41
\belowcaptionskip=\skip42
\bibindent=\dimen102
)
(/usr/local/texlive/2018/texmf-dist/tex/latex/base/inputenc.sty
Package: inputenc 2018/04/06 v1.3b Input encoding file
\inpenc@prehook=\toks14
\inpenc@posthook=\toks15
)
(/usr/local/texlive/2018/texmf-dist/tex/latex/listings/listings.sty
(/usr/local/texlive/2018/texmf-dist/tex/latex/graphics/keyval.sty
Package: keyval 2014/10/28 v1.15 key=value parser (DPC)
\KV@toks@=\toks16
)
\lst@mode=\count88
\lst@gtempboxa=\box26
\lst@token=\toks17
\lst@length=\count89
\lst@currlwidth=\dimen103
\lst@column=\count90
\lst@pos=\count91
\lst@lostspace=\dimen104
\lst@width=\dimen105
\lst@newlines=\count92
\lst@lineno=\count93
\lst@maxwidth=\dimen106

(/usr/local/texlive/2018/texmf-dist/tex/latex/listings/lstmisc.sty
File: lstmisc.sty 2015/06/04 1.6 (Carsten Heinz)
\c@lstnumber=\count94
\lst@skipnumbers=\count95
\lst@framebox=\box27
)
(/usr/local/texlive/2018/texmf-dist/tex/latex/listings/listings.cfg
File: listings.cfg 2015/06/04 1.6 listings configuration
))
Package: listings 2015/06/04 1.6 (Carsten Heinz)

(/usr/local/texlive/2018/texmf-dist/tex/latex/float/float.sty
Package: float 2001/11/08 v1.3d Float enhancements (AL)
\c@float@type=\count96
\float@exts=\toks18
\float@box=\box28
\@float@everytoks=\toks19
\@floatcapt=\box29
)
(/usr/local/texlive/2018/texmf-dist/tex/latex/natbib/natbib.sty
Package: natbib 2010/09/13 8.31b (PWD, AO)
\bibhang=\skip43
\bibsep=\skip44
LaTeX Info: Redefining \cite on input line 694.
\c@NAT@ctr=\count97
)
(/usr/local/texlive/2018/texmf-dist/tex/latex/graphics/graphicx.sty
Package: graphicx 2017/06/01 v1.1a Enhanced LaTeX Graphics (DPC,SPQR)

(/usr/local/texlive/2018/texmf-dist/tex/latex/graphics/graphics.sty
Package: graphics 2017/06/25 v1.2c Standard LaTeX Graphics (DPC,SPQR)

(/usr/local/texlive/2018/texmf-dist/tex/latex/graphics/trig.sty
Package: trig 2016/01/03 v1.10 sin cos tan (DPC)
)
(/usr/local/texlive/2018/texmf-dist/tex/latex/graphics-cfg/graphics.cfg
File: graphics.cfg 2016/06/04 v1.11 sample graphics configuration
)
Package graphics Info: Driver file: pdftex.def on input line 99.

(/usr/local/texlive/2018/texmf-dist/tex/latex/graphics-def/pdftex.def
File: pdftex.def 2018/01/08 v1.0l Graphics/color driver for pdftex
))
\Gin@req@height=\dimen107
\Gin@req@width=\dimen108
)
(/usr/local/texlive/2018/texmf-dist/tex/latex/amsfonts/amssymb.sty
Package: amssymb 2013/01/14 v3.01 AMS font symbols

(/usr/local/texlive/2018/texmf-dist/tex/latex/amsfonts/amsfonts.sty
Package: amsfonts 2013/01/14 v3.01 Basic AMSFonts support
\@emptytoks=\toks20
\symAMSa=\mathgroup4
\symAMSb=\mathgroup5
LaTeX Font Info:    Overwriting math alphabet `\mathfrak' in version `bold'
(Font)                  U/euf/m/n --> U/euf/b/n on input line 106.
))
(/usr/local/texlive/2018/texmf-dist/tex/latex/amsmath/amsmath.sty
Package: amsmath 2017/09/02 v2.17a AMS math features
\@mathmargin=\skip45

For additional information on amsmath, use the `?' option.
(/usr/local/texlive/2018/texmf-dist/tex/latex/amsmath/amstext.sty
Package: amstext 2000/06/29 v2.01 AMS text

(/usr/local/texlive/2018/texmf-dist/tex/latex/amsmath/amsgen.sty
File: amsgen.sty 1999/11/30 v2.0 generic functions
\@emptytoks=\toks21
\ex@=\dimen109
))
(/usr/local/texlive/2018/texmf-dist/tex/latex/amsmath/amsbsy.sty
Package: amsbsy 1999/11/29 v1.2d Bold Symbols
\pmbraise@=\dimen110
)
(/usr/local/texlive/2018/texmf-dist/tex/latex/amsmath/amsopn.sty
Package: amsopn 2016/03/08 v2.02 operator names
)
\inf@bad=\count98
LaTeX Info: Redefining \frac on input line 213.
\uproot@=\count99
\leftroot@=\count100
LaTeX Info: Redefining \overline on input line 375.
\classnum@=\count101
\DOTSCASE@=\count102
LaTeX Info: Redefining \ldots on input line 472.
LaTeX Info: Redefining \dots on input line 475.
LaTeX Info: Redefining \cdots on input line 596.
\Mathstrutbox@=\box30
\strutbox@=\box31
\big@size=\dimen111
LaTeX Font Info:    Redeclaring font encoding OML on input line 712.
LaTeX Font Info:    Redeclaring font encoding OMS on input line 713.
\macc@depth=\count103
\c@MaxMatrixCols=\count104
\dotsspace@=\muskip10
\c@parentequation=\count105
\dspbrk@lvl=\count106
\tag@help=\toks22
\row@=\count107
\column@=\count108
\maxfields@=\count109
\andhelp@=\toks23
\eqnshift@=\dimen112
\alignsep@=\dimen113
\tagshift@=\dimen114
\tagwidth@=\dimen115
\totwidth@=\dimen116
\lineht@=\dimen117
\@envbody=\toks24
\multlinegap=\skip46
\multlinetaggap=\skip47
\mathdisplay@stack=\toks25
LaTeX Info: Redefining \[ on input line 2817.
LaTeX Info: Redefining \] on input line 2818.
)
(/usr/local/texlive/2018/texmf-dist/tex/latex/mathtools/mathtools.sty
Package: mathtools 2018/01/08 v1.21 mathematical typesetting tools

(/usr/local/texlive/2018/texmf-dist/tex/latex/tools/calc.sty
Package: calc 2017/05/25 v4.3 Infix arithmetic (KKT,FJ)
\calc@Acount=\count110
\calc@Bcount=\count111
\calc@Adimen=\dimen118
\calc@Bdimen=\dimen119
\calc@Askip=\skip48
\calc@Bskip=\skip49
LaTeX Info: Redefining \setlength on input line 80.
LaTeX Info: Redefining \addtolength on input line 81.
\calc@Ccount=\count112
\calc@Cskip=\skip50
)
(/usr/local/texlive/2018/texmf-dist/tex/latex/mathtools/mhsetup.sty
Package: mhsetup 2017/03/31 v1.3 programming setup (MH)
)
LaTeX Info: Thecontrolsequence`\('isalreadyrobust on input line 129.
LaTeX Info: Thecontrolsequence`\)'isalreadyrobust on input line 129.
LaTeX Info: Thecontrolsequence`\['isalreadyrobust on input line 129.
LaTeX Info: Thecontrolsequence`\]'isalreadyrobust on input line 129.
\g_MT_multlinerow_int=\count113
\l_MT_multwidth_dim=\dimen120
\origjot=\skip51
\l_MT_shortvdotswithinadjustabove_dim=\dimen121
\l_MT_shortvdotswithinadjustbelow_dim=\dimen122
\l_MT_above_intertext_sep=\dimen123
\l_MT_below_intertext_sep=\dimen124
\l_MT_above_shortintertext_sep=\dimen125
\l_MT_below_shortintertext_sep=\dimen126
)
(/usr/local/texlive/2018/texmf-dist/tex/latex/graphics/color.sty
Package: color 2016/07/10 v1.1e Standard LaTeX Color (DPC)

(/usr/local/texlive/2018/texmf-dist/tex/latex/graphics-cfg/color.cfg
File: color.cfg 2016/01/02 v1.6 sample color configuration
)
Package color Info: Driver file: pdftex.def on input line 147.
)
(/usr/local/texlive/2018/texmf-dist/tex/latex/url/url.sty
\Urlmuskip=\muskip11
Package: url 2013/09/16  ver 3.4  Verb mode for urls, etc.
)
(/usr/local/texlive/2018/texmf-dist/tex/latex/base/fontenc.sty
Package: fontenc 2017/04/05 v2.0i Standard LaTeX package

(/usr/local/texlive/2018/texmf-dist/tex/latex/base/t1enc.def
File: t1enc.def 2017/04/05 v2.0i Standard LaTeX file
LaTeX Font Info:    Redeclaring font encoding T1 on input line 48.
))
(/usr/local/texlive/2018/texmf-dist/tex/latex/bera/beramono.sty
Package: beramono 2004/01/31 (WaS)
)
(/usr/local/texlive/2018/texmf-dist/tex/latex/xcolor/xcolor.sty
Package: xcolor 2016/05/11 v2.12 LaTeX color extensions (UK)

(/usr/local/texlive/2018/texmf-dist/tex/latex/graphics-cfg/color.cfg
File: color.cfg 2016/01/02 v1.6 sample color configuration
)
Package xcolor Info: Driver file: pdftex.def on input line 225.
LaTeX Info: Redefining \color on input line 709.
Package xcolor Info: Model `cmy' substituted by `cmy0' on input line 1348.
Package xcolor Info: Model `hsb' substituted by `rgb' on input line 1352.
Package xcolor Info: Model `RGB' extended on input line 1364.
Package xcolor Info: Model `HTML' substituted by `rgb' on input line 1366.
Package xcolor Info: Model `Hsb' substituted by `hsb' on input line 1367.
Package xcolor Info: Model `tHsb' substituted by `hsb' on input line 1368.
Package xcolor Info: Model `HSB' substituted by `hsb' on input line 1369.
Package xcolor Info: Model `Gray' substituted by `gray' on input line 1370.
Package xcolor Info: Model `wave' substituted by `hsb' on input line 1371.
)
(/usr/local/texlive/2018/texmf-dist/tex/latex/listings/lstlang1.sty
File: lstlang1.sty 2015/06/04 1.6 listings language file
)
(/usr/local/texlive/2018/texmf-dist/tex/latex/listings/lstlang2.sty
File: lstlang2.sty 2015/06/04 1.6 listings language file
)
(/usr/local/texlive/2018/texmf-dist/tex/latex/listings/lstlang3.sty
File: lstlang3.sty 2015/06/04 1.6 listings language file
)
(./differentiable_blockchains.aux

LaTeX Warning: Label `eq1' multiply defined.


LaTeX Warning: Label `eq1' multiply defined.


LaTeX Warning: Label `eq1' multiply defined.


LaTeX Warning: Label `eq1' multiply defined.


LaTeX Warning: Label `eq1' multiply defined.


LaTeX Warning: Label `eq1' multiply defined.


LaTeX Warning: Label `eq1' multiply defined.


LaTeX Warning: Label `eq1' multiply defined.


LaTeX Warning: Label `eq1' multiply defined.


LaTeX Warning: Label `eq1' multiply defined.


LaTeX Warning: Label `eq1' multiply defined.


LaTeX Warning: Label `eq1' multiply defined.


LaTeX Warning: Label `eq1' multiply defined.


LaTeX Warning: Label `eq1' multiply defined.


LaTeX Warning: Label `eq1' multiply defined.


LaTeX Warning: Label `eq1' multiply defined.


LaTeX Warning: Label `eq1' multiply defined.


LaTeX Warning: Label `eq1' multiply defined.


LaTeX Warning: Label `eq1' multiply defined.


LaTeX Warning: Label `eq1' multiply defined.


LaTeX Warning: Label `eq1' multiply defined.


LaTeX Warning: Label `eq1' multiply defined.


LaTeX Warning: Label `eq1' multiply defined.


LaTeX Warning: Label `eq1' multiply defined.


LaTeX Warning: Label `eq1' multiply defined.


LaTeX Warning: Label `eq1' multiply defined.


LaTeX Warning: Label `eq1' multiply defined.


LaTeX Warning: Label `eq1' multiply defined.


LaTeX Warning: Label `eq1' multiply defined.


LaTeX Warning: Label `eq1' multiply defined.


LaTeX Warning: Label `eq1' multiply defined.


LaTeX Warning: Label `eq1' multiply defined.


LaTeX Warning: Label `eq1' multiply defined.


LaTeX Warning: Label `eq1' multiply defined.


LaTeX Warning: Label `eq1' multiply defined.


LaTeX Warning: Label `eq1' multiply defined.

)
\openout1 = `differentiable_blockchains.aux'.

LaTeX Font Info:    Checking defaults for OML/cmm/m/it on input line 68.
LaTeX Font Info:    ... okay on input line 68.
LaTeX Font Info:    Checking defaults for T1/cmr/m/n on input line 68.
LaTeX Font Info:    ... okay on input line 68.
LaTeX Font Info:    Checking defaults for OT1/cmr/m/n on input line 68.
LaTeX Font Info:    ... okay on input line 68.
LaTeX Font Info:    Checking defaults for OMS/cmsy/m/n on input line 68.
LaTeX Font Info:    ... okay on input line 68.
LaTeX Font Info:    Checking defaults for OMX/cmex/m/n on input line 68.
LaTeX Font Info:    ... okay on input line 68.
LaTeX Font Info:    Checking defaults for U/cmr/m/n on input line 68.
LaTeX Font Info:    ... okay on input line 68.
\c@lstlisting=\count114
 (/usr/local/texlive/2018/texmf-dist/tex/context/base/mkii/supp-pdf.mkii
[Loading MPS to PDF converter (version 2006.09.02).]
\scratchcounter=\count115
\scratchdimen=\dimen127
\scratchbox=\box32
\nofMPsegments=\count116
\nofMParguments=\count117
\everyMPshowfont=\toks26
\MPscratchCnt=\count118
\MPscratchDim=\dimen128
\MPnumerator=\count119
\makeMPintoPDFobject=\count120
\everyMPtoPDFconversion=\toks27
) (/usr/local/texlive/2018/texmf-dist/tex/latex/oberdiek/epstopdf-base.sty
Package: epstopdf-base 2016/05/15 v2.6 Base part for package epstopdf

(/usr/local/texlive/2018/texmf-dist/tex/generic/oberdiek/infwarerr.sty
Package: infwarerr 2016/05/16 v1.4 Providing info/warning/error messages (HO)
)
(/usr/local/texlive/2018/texmf-dist/tex/latex/oberdiek/grfext.sty
Package: grfext 2016/05/16 v1.2 Manage graphics extensions (HO)

(/usr/local/texlive/2018/texmf-dist/tex/generic/oberdiek/kvdefinekeys.sty
Package: kvdefinekeys 2016/05/16 v1.4 Define keys (HO)

(/usr/local/texlive/2018/texmf-dist/tex/generic/oberdiek/ltxcmds.sty
Package: ltxcmds 2016/05/16 v1.23 LaTeX kernel commands for general use (HO)
)))
(/usr/local/texlive/2018/texmf-dist/tex/latex/oberdiek/kvoptions.sty
Package: kvoptions 2016/05/16 v3.12 Key value format for package options (HO)

(/usr/local/texlive/2018/texmf-dist/tex/generic/oberdiek/kvsetkeys.sty
Package: kvsetkeys 2016/05/16 v1.17 Key value parser (HO)

(/usr/local/texlive/2018/texmf-dist/tex/generic/oberdiek/etexcmds.sty
Package: etexcmds 2016/05/16 v1.6 Avoid name clashes with e-TeX commands (HO)

(/usr/local/texlive/2018/texmf-dist/tex/generic/oberdiek/ifluatex.sty
Package: ifluatex 2016/05/16 v1.4 Provides the ifluatex switch (HO)
Package ifluatex Info: LuaTeX not detected.
)
Package etexcmds Info: Could not find \expanded.
(etexcmds)             That can mean that you are not using pdfTeX 1.50 or
(etexcmds)             that some package has redefined \expanded.
(etexcmds)             In the latter case, load this package earlier.
)))
(/usr/local/texlive/2018/texmf-dist/tex/generic/oberdiek/pdftexcmds.sty
Package: pdftexcmds 2018/01/30 v0.27 Utility functions of pdfTeX for LuaTeX (HO
)

(/usr/local/texlive/2018/texmf-dist/tex/generic/oberdiek/ifpdf.sty
Package: ifpdf 2017/03/15 v3.2 Provides the ifpdf switch
)
Package pdftexcmds Info: LuaTeX not detected.
Package pdftexcmds Info: \pdf@primitive is available.
Package pdftexcmds Info: \pdf@ifprimitive is available.
Package pdftexcmds Info: \pdfdraftmode found.
)
Package epstopdf-base Info: Redefining graphics rule for `.eps' on input line 4
38.
Package grfext Info: Graphics extension search list:
(grfext)             [.pdf,.png,.jpg,.mps,.jpeg,.jbig2,.jb2,.PDF,.PNG,.JPG,.JPE
G,.JBIG2,.JB2,.eps]
(grfext)             \AppendGraphicsExtensions on input line 456.

(/usr/local/texlive/2018/texmf-dist/tex/latex/latexconfig/epstopdf-sys.cfg
File: epstopdf-sys.cfg 2010/07/13 v1.3 Configuration of (r)epstopdf for TeX Liv
e
))
LaTeX Font Info:    Try loading font information for U+msa on input line 69.

(/usr/local/texlive/2018/texmf-dist/tex/latex/amsfonts/umsa.fd
File: umsa.fd 2013/01/14 v3.01 AMS symbols A
)
LaTeX Font Info:    Try loading font information for U+msb on input line 69.

(/usr/local/texlive/2018/texmf-dist/tex/latex/amsfonts/umsb.fd
File: umsb.fd 2013/01/14 v3.01 AMS symbols B
)
LaTeX Font Info:    Try loading font information for T1+fvm on input line 79.

(/usr/local/texlive/2018/texmf-dist/tex/latex/bera/t1fvm.fd
File: t1fvm.fd 2004/09/07 scalable font definitions for T1/fvm.
) [1

{/usr/local/texlive/2018/texmf-var/fonts/map/pdftex/updmap/pdftex.map}] [2] [3]
 [4] [5]
[6]
Underfull \hbox (badness 2418) in paragraph at lines 209--209
[][]\T1/cmr/m/n/8 Sec: MapRe-duce 1.1, Big Data Pro-gram-ming Mod-els. Dongyao 
Wu, Sherif
 []


Underfull \hbox (badness 5787) in paragraph at lines 209--209
\T1/cmr/m/n/8 Sakr and Lim-ing Zhu $\T1/fvm/m/n/8 https : / / www . springer . 
com / cda / content / document / cda _
 []


Underfull \hbox (badness 10000) in paragraph at lines 209--209
[][]$\T1/fvm/m/n/8 https : / / spark . apache . org / docs / latest / rdd-[]pro
gramming-[]guide . html #
 []

[7]
Underfull \hbox (badness 1975) in paragraph at lines 218--218
[][]\T1/cmr/m/n/8 How-to: Do Near-Real Time Ses-sion-iza-tion with Spark Stream
-ing and Apache
 []


Overfull \hbox (41.46355pt too wide) in paragraph at lines 218--218
\T1/fvm/m/n/8 how-[]to-[]do-[]near-[]real-[]time-[]sessionization-[]with-[]spar
k-[]streaming-[]and-[]apache-[]hadoop/$| 
 []


Underfull \hbox (badness 7415) in paragraph at lines 218--218
[][]\T1/cmr/m/n/8 Code from Con-stel-la-tion repo: $\T1/fvm/m/n/8 https : / / g
ithub . com / Constellation-[]Labs /
 []


Underfull \hbox (badness 10000) in paragraph at lines 218--218
\T1/fvm/m/n/8 constellation / blob / 7aeaa786d42e0194e31cd8fd0c6b99462cb63f33 /
 src / main /
 []

[8] [9] [10]
Underfull \hbox (badness 3189) in paragraph at lines 275--275
[][]\T1/cmr/m/n/8 Sec: The Essence of Al-ge-bra, Un-der-stand-ing F-Algebras. B
ar-tosz Milewski
 []


Underfull \hbox (badness 10000) in paragraph at lines 275--275
\T1/fvm/m/n/8 https : / / www . schoolofhaskell . com / user / bartosz / unders
tanding-[]algebras #
 []


Underfull \hbox (badness 7415) in paragraph at lines 275--275
[][]\T1/cmr/m/n/8 Code from Con-stel-la-tion repo: $\T1/fvm/m/n/8 https : / / g
ithub . com / Constellation-[]Labs /
 []


Underfull \hbox (badness 10000) in paragraph at lines 275--275
\T1/fvm/m/n/8 constellation / blob / 7aeaa786d42e0194e31cd8fd0c6b99462cb63f33 /
 src / main /
 []

[11]
Overfull \hbox (1.69785pt too wide) in paragraph at lines 302--303
[][][][][][][][][][][][][][][][][][][][][][][][][][][][][][][][][][][][]  
 []


Underfull \hbox (badness 4647) in paragraph at lines 312--312
\T1/cmr/m/n/8 Zhu $\T1/fvm/m/n/8 https : / / www . springer . com / cda / conte
nt / document / cda _ downloaddocument /
 []

[12] (./differentiable_blockchains.aux)

LaTeX Warning: There were multiply-defined labels.

 ) 
Here is how much of TeX's memory you used:
 5852 strings out of 492649
 78024 string characters out of 6129622
 195312 words of memory out of 5000000
 9627 multiletter control sequences out of 15000+600000
 19998 words of font info for 56 fonts, out of 8000000 for 9000
 1141 hyphenation exceptions out of 8191
 41i,15n,44p,2423b,1724s stack positions out of 5000i,500n,10000p,200000b,80000s
{/usr/local/texlive/2018/texmf-dist/fonts/enc/dvips/cm-super/cm-super-t1.enc}
{/usr/local/texlive/2018/texmf-dist/fonts/enc/dvips/base/8r.enc}</usr/local/tex
live/2018/texmf-dist/fonts/type1/public/amsfonts/cm/cmex10.pfb></usr/local/texl
ive/2018/texmf-dist/fonts/type1/public/amsfonts/cm/cmmi10.pfb></usr/local/texli
ve/2018/texmf-dist/fonts/type1/public/amsfonts/cm/cmmi5.pfb></usr/local/texlive
/2018/texmf-dist/fonts/type1/public/amsfonts/cm/cmmi7.pfb></usr/local/texlive/2
018/texmf-dist/fonts/type1/public/amsfonts/cm/cmmi8.pfb></usr/local/texlive/201
8/texmf-dist/fonts/type1/public/amsfonts/cm/cmr10.pfb></usr/local/texlive/2018/
texmf-dist/fonts/type1/public/amsfonts/cm/cmr5.pfb></usr/local/texlive/2018/tex
mf-dist/fonts/type1/public/amsfonts/cm/cmr7.pfb></usr/local/texlive/2018/texmf-
dist/fonts/type1/public/amsfonts/cm/cmsy10.pfb></usr/local/texlive/2018/texmf-d
ist/fonts/type1/public/amsfonts/cm/cmsy5.pfb></usr/local/texlive/2018/texmf-dis
t/fonts/type1/public/amsfonts/cm/cmsy6.pfb></usr/local/texlive/2018/texmf-dist/
fonts/type1/public/amsfonts/cm/cmsy7.pfb></usr/local/texlive/2018/texmf-dist/fo
nts/type1/public/bera/fvmr8a.pfb></usr/local/texlive/2018/texmf-dist/fonts/type
1/public/amsfonts/symbols/msbm10.pfb></usr/local/texlive/2018/texmf-dist/fonts/
type1/public/amsfonts/symbols/msbm7.pfb></usr/local/texlive/2018/texmf-dist/fon
ts/type1/public/cm-super/sfbx0900.pfb></usr/local/texlive/2018/texmf-dist/fonts
/type1/public/cm-super/sfbx1200.pfb></usr/local/texlive/2018/texmf-dist/fonts/t
ype1/public/cm-super/sfbx1440.pfb></usr/local/texlive/2018/texmf-dist/fonts/typ
e1/public/cm-super/sfrm0600.pfb></usr/local/texlive/2018/texmf-dist/fonts/type1
/public/cm-super/sfrm0700.pfb></usr/local/texlive/2018/texmf-dist/fonts/type1/p
ublic/cm-super/sfrm0800.pfb></usr/local/texlive/2018/texmf-dist/fonts/type1/pub
lic/cm-super/sfrm0900.pfb></usr/local/texlive/2018/texmf-dist/fonts/type1/publi
c/cm-super/sfrm1000.pfb></usr/local/texlive/2018/texmf-dist/fonts/type1/public/
cm-super/sfrm1200.pfb></usr/local/texlive/2018/texmf-dist/fonts/type1/public/cm
-super/sfrm1728.pfb>
Output written on differentiable_blockchains.pdf (12 pages, 340426 bytes).
PDF statistics:
 146 PDF objects out of 1000 (max. 8388607)
 105 compressed objects within 2 object streams
 0 named destinations out of 1000 (max. 500000)
 1 words of extra memory for PDF output out of 10000 (max. 10000000)

